[2014-09-01 00:33:24.466] [ERROR] application - { message: 'Cast to ObjectId failed for value "[object Object]" at path "_id"',
  name: 'CastError',
  type: 'ObjectId',
  value: 
   { header: 'コメント',
     newComment: '',
     data: { _id: '53ff00c2296af7f912db2206' } },
  path: '_id' }
CastError: Cast to ObjectId failed for value "[object Object]" at path "_id"
    at ObjectId.cast (/home/ubuntu/workspace/node_modules/mongoose/lib/schema/objectid.js:116:13)
    at ObjectId.castForQuery (/home/ubuntu/workspace/node_modules/mongoose/lib/schema/objectid.js:165:17)
    at Query.cast (/home/ubuntu/workspace/node_modules/mongoose/lib/query.js:2283:34)
    at Query.find (/home/ubuntu/workspace/node_modules/mongoose/lib/query.js:980:10)
    at Query.exec (/home/ubuntu/workspace/node_modules/mongoose/node_modules/mquery/lib/mquery.js:2213:16)
    at Query.exec (/home/ubuntu/workspace/node_modules/mongoose/lib/query.js:1778:19)
    at teamModel.taskModel.getComment (/home/ubuntu/workspace/model/taskModel.js:133:47)
    at exports.getComment (/home/ubuntu/workspace/api/task.js:82:10)
    at callbacks (/home/ubuntu/workspace/node_modules/express/lib/router/index.js:161:37)
    at param (/home/ubuntu/workspace/node_modules/express/lib/router/index.js:135:11)
[2014-09-01 01:00:32.069] [ERROR] application - { message: 'Cast to ObjectId failed for value "[object Object]" at path "_id"',
  name: 'CastError',
  type: 'ObjectId',
  value: { _id: '53ff00c2296af7f912db2206' },
  path: '_id' }
CastError: Cast to ObjectId failed for value "[object Object]" at path "_id"
    at ObjectId.cast (/home/ubuntu/workspace/node_modules/mongoose/lib/schema/objectid.js:116:13)
    at ObjectId.castForQuery (/home/ubuntu/workspace/node_modules/mongoose/lib/schema/objectid.js:165:17)
    at Query.cast (/home/ubuntu/workspace/node_modules/mongoose/lib/query.js:2283:34)
    at Query.find (/home/ubuntu/workspace/node_modules/mongoose/lib/query.js:980:10)
    at Query.exec (/home/ubuntu/workspace/node_modules/mongoose/node_modules/mquery/lib/mquery.js:2213:16)
    at Query.exec (/home/ubuntu/workspace/node_modules/mongoose/lib/query.js:1778:19)
    at teamModel.taskModel.getComment (/home/ubuntu/workspace/model/taskModel.js:133:47)
    at exports.getComment (/home/ubuntu/workspace/api/task.js:82:10)
    at callbacks (/home/ubuntu/workspace/node_modules/express/lib/router/index.js:161:37)
    at param (/home/ubuntu/workspace/node_modules/express/lib/router/index.js:135:11)
[2014-09-01 01:39:13.889] [ERROR] application - { message: 'Cast to ObjectId failed for value "[object Object]" at path "_id"',
  name: 'CastError',
  type: 'ObjectId',
  value: { _id: '53ff00c2296af7f912db2206' },
  path: '_id' }
CastError: Cast to ObjectId failed for value "[object Object]" at path "_id"
    at ObjectId.cast (/home/ubuntu/workspace/node_modules/mongoose/lib/schema/objectid.js:116:13)
    at ObjectId.castForQuery (/home/ubuntu/workspace/node_modules/mongoose/lib/schema/objectid.js:165:17)
    at Query.cast (/home/ubuntu/workspace/node_modules/mongoose/lib/query.js:2283:34)
    at Query.find (/home/ubuntu/workspace/node_modules/mongoose/lib/query.js:980:10)
    at Query.exec (/home/ubuntu/workspace/node_modules/mongoose/node_modules/mquery/lib/mquery.js:2213:16)
    at Query.exec (/home/ubuntu/workspace/node_modules/mongoose/lib/query.js:1778:19)
    at teamModel.taskModel.getComment (/home/ubuntu/workspace/model/taskModel.js:133:47)
    at exports.getComment (/home/ubuntu/workspace/api/task.js:82:10)
    at callbacks (/home/ubuntu/workspace/node_modules/express/lib/router/index.js:161:37)
    at param (/home/ubuntu/workspace/node_modules/express/lib/router/index.js:135:11)
